Sun Nov 27 08:11:05 Saved as file BACKUP1.MAX
Sun Nov 27 08:21:06 Saved as file BACKUP1.MAX
Sun Nov 27 08:31:06 Saved as file BACKUP1.MAX
Sun Nov 27 08:41:06 Saved as file BACKUP1.MAX
Sun Nov 27 08:51:06 Saved as file BACKUP1.MAX
Sun Nov 27 09:01:07 Saved as file BACKUP1.MAX
Sun Nov 27 09:11:07 Saved as file BACKUP1.MAX
Fri Dec 02 01:25:36 Saved as file D:\WORKING\WORKING\MYLOCALREPOSITORYWC\CMD_SYSTEM\CENTRAL_CONTROLLER\DESIGN_V4.MAX
Fri Dec 02 01:31:16 Saved as file D:\WORKING\WORKING\MYLOCALREPOSITORYWC\CMD_SYSTEM\CENTRAL_CONTROLLER\DESIGN_V4.MAX
Fri Dec 02 01:31:48 Saved as file D:\WORKING\WORKING\MYLOCALREPOSITORYWC\CMD_SYSTEM\CENTRAL_CONTROLLER\DESIGN_V4.MAX
Fri Dec 02 01:35:04 Saved as file BACKUP1.MAX
Fri Dec 02 01:45:05 Saved as file BACKUP1.MAX
Sat Dec 03 22:34:10 Saved as file D:\WORKING\WORKING\MYLOCALREPOSITORYWC\CMD_SYSTEM\CENTRAL_CONTROLLER\DESIGN_V5.MAX
Sat Dec 03 22:34:34 Saved as file D:\WORKING\WORKING\MYLOCALREPOSITORYWC\CMD_SYSTEM\CENTRAL_CONTROLLER\DESIGN_V5.MAX
Sat Dec 03 22:43:56 Saved as file BACKUP1.MAX
Sun Dec 04 23:36:04 Loaded file C:\Program Files\Orcad\Layout_Plus\data\template.imp
Sun Dec 04 23:36:04 Loaded file C:\Program Files\Orcad\Layout_Plus\data\template.imp
Sun Dec 04 23:36:06 Loaded file D:\WORKING\WORKING\DANHLL\DANH'S LIBS\THU VIEN ORCAD FULL\THU VIEN ORCAD FULL\LAYOUT FULL\CHIP DAN SMD.LLB
Sun Dec 04 23:36:07 Loaded file D:\WORKING\WORKING\DANHLL\DANH'S LIBS\DANHLIB.LLB
Sun Dec 04 23:36:28 Loaded file C:\Program Files\Orcad\Layout_Plus\data\template.imp
Sun Dec 04 23:36:42 Loaded file C:\Program Files\Orcad\Layout_Plus\data\template.imp
Sun Dec 04 23:37:11 Loaded file D:\WORKING\WORKING\DANHLL\DANH'S LIBS\DANHLIB.LLB
Sun Dec 04 23:37:11 Saved as file D:\WORKING\WORKING\DANHLL\DANH'S LIBS\DANHLIB.LLB
Sun Dec 04 23:37:13 Loaded file C:\Program Files\Orcad\Layout_Plus\library\BCON100T.llb
Sun Dec 04 23:37:15 Loaded file D:\WORKING\WORKING\DANHLL\DANH'S LIBS\DANHLIB.LLB
Sun Dec 04 23:37:22 Loaded file C:\Program Files\Orcad\Layout_Plus\data\template.imp
Sun Dec 04 23:38:17 Loaded file D:\WORKING\WORKING\DANHLL\DANH'S LIBS\DANHLIB.LLB
Sun Dec 04 23:38:17 Saved as file D:\WORKING\WORKING\DANHLL\DANH'S LIBS\DANHLIB.LLB
Sun Dec 04 23:40:17 Loaded file D:\WORKING\WORKING\DANHLL\DANH'S LIBS\DANHLIB.LLB
Sun Dec 04 23:40:17 Saved as file D:\WORKING\WORKING\DANHLL\DANH'S LIBS\DANHLIB.LLB
Sun Dec 04 23:40:30 Loaded file C:\Program Files\Orcad\Layout_Plus\data\template.imp
Sun Dec 04 23:40:30 Loaded file C:\Program Files\Orcad\Layout_Plus\data\template.imp
Sun Dec 04 23:40:33 Loaded file D:\WORKING\WORKING\DANHLL\DANH'S LIBS\THU VIEN ORCAD FULL\THU VIEN ORCAD FULL\LAYOUT FULL\CHIP DAN SMD.LLB
Sun Dec 04 23:40:33 Loaded file D:\WORKING\WORKING\DANHLL\DANH'S LIBS\DANHLIB.LLB
Sun Dec 04 23:40:39 Loaded file C:\Program Files\Orcad\Layout_Plus\data\template.imp
Sun Dec 04 23:45:28 Saved as file BACKUP1.MAX
Sun Dec 04 23:48:11 Saved as file D:\WORKING\WORKING\MYLOCALREPOSITORYWC\CMD_SYSTEM\CENTRAL_CONTROLLER\DESIGN_V5.MAX
Sun Dec 04 23:50:46 Saved as file D:\WORKING\WORKING\MYLOCALREPOSITORYWC\CMD_SYSTEM\CENTRAL_CONTROLLER\DESIGN_V5.MAX
Sun Dec 04 23:52:21 Saved as file D:\WORKING\WORKING\MYLOCALREPOSITORYWC\CMD_SYSTEM\CENTRAL_CONTROLLER\DESIGN_V5.MAX
Sun Dec 04 23:52:40 Saved as file D:\WORKING\WORKING\MYLOCALREPOSITORYWC\CMD_SYSTEM\CENTRAL_CONTROLLER\DESIGN_V5.MAX
Sun Dec 04 23:52:52 Saved as file D:\WORKING\WORKING\MYLOCALREPOSITORYWC\CMD_SYSTEM\CENTRAL_CONTROLLER\DESIGN_V5.MAX
Sun Dec 04 23:53:26 Saved as file D:\WORKING\WORKING\MYLOCALREPOSITORYWC\CMD_SYSTEM\CENTRAL_CONTROLLER\DESIGN_V5.MAX
Sun Dec 04 23:53:51 Saved as file D:\WORKING\WORKING\MYLOCALREPOSITORYWC\CMD_SYSTEM\CENTRAL_CONTROLLER\DESIGN_V5.MAX
Sun Dec 04 23:54:13 Saved as file D:\WORKING\WORKING\MYLOCALREPOSITORYWC\CMD_SYSTEM\CENTRAL_CONTROLLER\DESIGN_V5.MAX
Sun Dec 04 23:55:10 Saved as file D:\WORKING\WORKING\MYLOCALREPOSITORYWC\CMD_SYSTEM\CENTRAL_CONTROLLER\DESIGN_V5.MAX
Sun Dec 04 23:55:28 Saved as file BACKUP1.MAX
Sun Dec 04 23:55:29 Saved as file D:\WORKING\WORKING\MYLOCALREPOSITORYWC\CMD_SYSTEM\CENTRAL_CONTROLLER\DESIGN_V5.MAX
Sun Dec 04 23:55:36 Saved as file D:\WORKING\WORKING\MYLOCALREPOSITORYWC\CMD_SYSTEM\CENTRAL_CONTROLLER\DESIGN_V5.MAX
Sun Dec 04 23:56:17 Saved as file D:\WORKING\WORKING\MYLOCALREPOSITORYWC\CMD_SYSTEM\CENTRAL_CONTROLLER\DESIGN_V5.MAX
